This is pdfTeX, Version 3.141592653-2.6-1.40.25 (TeX Live 2023/Homebrew) (preloaded format=pdflatex 2023.6.22)  21 JUL 2023 22:19
entering extended mode
 restricted \write18 enabled.
 %&-line parsing enabled.
**refman
(./refman.tex
LaTeX2e <2022-11-01> patch level 1
L3 programming layer <2023-02-22>
(/opt/homebrew/Cellar/texlive/20230313_2/share/texmf-dist/tex/latex/base/book.c
ls
Document Class: book 2022/07/02 v1.4n Standard LaTeX document class

(/opt/homebrew/Cellar/texlive/20230313_2/share/texmf-dist/tex/latex/base/bk10.c
lo
File: bk10.clo 2022/07/02 v1.4n Standard LaTeX file (size option)
)
\c@part=\count185
\c@chapter=\count186
\c@section=\count187
\c@subsection=\count188
\c@subsubsection=\count189
\c@paragraph=\count190
\c@subparagraph=\count191
\c@figure=\count192
\c@table=\count193
\abovecaptionskip=\skip48
\belowcaptionskip=\skip49
\bibindent=\dimen140
)
(/opt/homebrew/Cellar/texlive/20230313_2/share/texmf-dist/tex/latex/base/ifthen
.sty
Package: ifthen 2022/04/13 v1.1d Standard LaTeX ifthen package (DPC)
)
(/opt/homebrew/Cellar/texlive/20230313_2/share/texmf-dist/tex/latex/tools/array
.sty
Rollback for package 'array' requested -> date 2016-10-06.
         Best approximation is the release introduced on 2016-10-06.

(/opt/homebrew/Cellar/texlive/20230313_2/share/texmf-dist/tex/latex/tools/array
-2016-10-06.sty
Package: array 2016/10/06 v2.4d Tabular extension package (FMi)
\col@sep=\dimen141
\extrarowheight=\dimen142
\NC@list=\toks16
\extratabsurround=\skip50
\backup@length=\skip51
))
(/opt/homebrew/Cellar/texlive/20230313_2/share/texmf-dist/tex/generic/infwarerr
/infwarerr.sty
package info suppressed
) (./doxygen.sty
Package: doxygen 

(/opt/homebrew/Cellar/texlive/20230313_2/share/texmf-dist/tex/latex/base/alltt.
sty
Package: alltt 2021/01/29 v2.0g defines alltt environment
)
(/opt/homebrew/Cellar/texlive/20230313_2/share/texmf-dist/tex/latex/tools/calc.
sty
Package: calc 2017/05/25 v4.3 Infix arithmetic (KKT,FJ)
\calc@Acount=\count194
\calc@Bcount=\count195
\calc@Adimen=\dimen143
\calc@Bdimen=\dimen144
\calc@Askip=\skip52
\calc@Bskip=\skip53
LaTeX Info: Redefining \setlength on input line 80.
LaTeX Info: Redefining \addtolength on input line 81.
\calc@Ccount=\count196
\calc@Cskip=\skip54
)
(/opt/homebrew/Cellar/texlive/20230313_2/share/texmf-dist/tex/latex/float/float
.sty
Package: float 2001/11/08 v1.3d Float enhancements (AL)
\c@float@type=\count197
\float@exts=\toks17
\float@box=\box51
\@float@everytoks=\toks18
\@floatcapt=\box52
)
(/opt/homebrew/Cellar/texlive/20230313_2/share/texmf-dist/tex/latex/tools/verba
tim.sty
Package: verbatim 2022-07-02 v1.5u LaTeX2e package for verbatim enhancements
\every@verbatim=\toks19
\verbatim@line=\toks20
\verbatim@in@stream=\read2
)
(/opt/homebrew/Cellar/texlive/20230313_2/share/texmf-dist/tex/latex/xcolor/xcol
or.sty
Package: xcolor 2022/06/12 v2.14 LaTeX color extensions (UK)

(/opt/homebrew/Cellar/texlive/20230313_2/share/texmf-dist/tex/latex/graphics-cf
g/color.cfg
File: color.cfg 2016/01/02 v1.6 sample color configuration
)
Package xcolor Info: Driver file: pdftex.def on input line 227.

(/opt/homebrew/Cellar/texlive/20230313_2/share/texmf-dist/tex/latex/graphics-de
f/pdftex.def
File: pdftex.def 2022/09/22 v1.2b Graphics/color driver for pdftex
)
(/opt/homebrew/Cellar/texlive/20230313_2/share/texmf-dist/tex/latex/colortbl/co
lortbl.sty
Package: colortbl 2022/06/20 v1.0f Color table columns (DPC)
\everycr=\toks21
\minrowclearance=\skip55
\rownum=\count198
)
(/opt/homebrew/Cellar/texlive/20230313_2/share/texmf-dist/tex/latex/graphics/ma
thcolor.ltx)
Package xcolor Info: Model `cmy' substituted by `cmy0' on input line 1353.
Package xcolor Info: Model `hsb' substituted by `rgb' on input line 1357.
Package xcolor Info: Model `RGB' extended on input line 1369.
Package xcolor Info: Model `HTML' substituted by `rgb' on input line 1371.
Package xcolor Info: Model `Hsb' substituted by `hsb' on input line 1372.
Package xcolor Info: Model `tHsb' substituted by `hsb' on input line 1373.
Package xcolor Info: Model `HSB' substituted by `hsb' on input line 1374.
Package xcolor Info: Model `Gray' substituted by `gray' on input line 1375.
Package xcolor Info: Model `wave' substituted by `hsb' on input line 1376.
) (./longtable_doxygen.sty
Package: longtable_doxygen 2014/10/28 v4.11 Multi-page Table package (DPC) - fr
ozen version for doxygen
\LTleft=\skip56
\LTright=\skip57
\LTpre=\skip58
\LTpost=\skip59
\LTchunksize=\count199
\LTcapwidth=\dimen145
\LT@head=\box53
\LT@firsthead=\box54
\LT@foot=\box55
\LT@lastfoot=\box56
\LT@cols=\count266
\LT@rows=\count267
\c@LT@tables=\count268
\c@LT@chunks=\count269
\LT@p@ftn=\toks22
) (./tabu_doxygen.sty
Package: tabu_doxygen 2011/02/26 v2.8 - flexible LaTeX tabulars (FC), frozen ve
rsion for doxygen

(/opt/homebrew/Cellar/texlive/20230313_2/share/texmf-dist/tex/latex/varwidth/va
rwidth.sty
Package: varwidth 2009/03/30 ver 0.92;  Variable-width minipages
\@vwid@box=\box57
\sift@deathcycles=\count270
\@vwid@loff=\dimen146
\@vwid@roff=\dimen147
)
\c@taburow=\count271
\tabu@nbcols=\count272
\tabu@cnt=\count273
\tabu@Xcol=\count274
\tabu@alloc=\count275
\tabu@nested=\count276
\tabu@target=\dimen148
\tabu@spreadtarget=\dimen149
\tabu@naturalX=\dimen150
\tabucolX=\dimen151
\tabu@Xsum=\dimen152
\extrarowdepth=\dimen153
\abovetabulinesep=\dimen154
\belowtabulinesep=\dimen155
\tabustrutrule=\dimen156
\tabu@thebody=\toks23
\tabu@footnotes=\toks24
\tabu@box=\box58
\tabu@arstrutbox=\box59
\tabu@hleads=\box60
\tabu@vleads=\box61
\tabu@cellskip=\skip60
)
(/opt/homebrew/Cellar/texlive/20230313_2/share/texmf-dist/tex/latex/fancyvrb/fa
ncyvrb.sty
Package: fancyvrb 2023/01/19 4.5a verbatim text (tvz,hv)

(/opt/homebrew/Cellar/texlive/20230313_2/share/texmf-dist/tex/latex/graphics/ke
yval.sty
Package: keyval 2022/05/29 v1.15 key=value parser (DPC)
\KV@toks@=\toks25
)
\FV@CodeLineNo=\count277
\FV@InFile=\read3
\FV@TabBox=\box62
\c@FancyVerbLine=\count278
\FV@StepNumber=\count279
\FV@OutFile=\write3
)
(/opt/homebrew/Cellar/texlive/20230313_2/share/texmf-dist/tex/latex/tools/tabul
arx.sty
Package: tabularx 2020/01/15 v2.11c `tabularx' package (DPC)
\TX@col@width=\dimen157
\TX@old@table=\dimen158
\TX@old@col=\dimen159
\TX@target=\dimen160
\TX@delta=\dimen161
\TX@cols=\count280
\TX@ftn=\toks26
)
(/opt/homebrew/Cellar/texlive/20230313_2/share/texmf-dist/tex/latex/tools/multi
col.sty
Package: multicol 2021/11/30 v1.9d multicolumn formatting (FMi)
\c@tracingmulticols=\count281
\mult@box=\box63
\multicol@leftmargin=\dimen162
\c@unbalance=\count282
\c@collectmore=\count283
\doublecol@number=\count284
\multicoltolerance=\count285
\multicolpretolerance=\count286
\full@width=\dimen163
\page@free=\dimen164
\premulticols=\dimen165
\postmulticols=\dimen166
\multicolsep=\skip61
\multicolbaselineskip=\skip62
\partial@page=\box64
\last@line=\box65
\maxbalancingoverflow=\dimen167
\mult@rightbox=\box66
\mult@grightbox=\box67
\mult@firstbox=\box68
\mult@gfirstbox=\box69
\@tempa=\box70
\@tempa=\box71
\@tempa=\box72
\@tempa=\box73
\@tempa=\box74
\@tempa=\box75
\@tempa=\box76
\@tempa=\box77
\@tempa=\box78
\@tempa=\box79
\@tempa=\box80
\@tempa=\box81
\@tempa=\box82
\@tempa=\box83
\@tempa=\box84
\@tempa=\box85
\@tempa=\box86
\@tempa=\box87
\@tempa=\box88
\@tempa=\box89
\@tempa=\box90
\@tempa=\box91
\@tempa=\box92
\@tempa=\box93
\@tempa=\box94
\@tempa=\box95
\@tempa=\box96
\@tempa=\box97
\@tempa=\box98
\@tempa=\box99
\@tempa=\box100
\@tempa=\box101
\@tempa=\box102
\@tempa=\box103
\@tempa=\box104
\@tempa=\box105
\c@minrows=\count287
\c@columnbadness=\count288
\c@finalcolumnbadness=\count289
\last@try=\dimen168
\multicolovershoot=\dimen169
\multicolundershoot=\dimen170
\mult@nat@firstbox=\box106
\colbreak@box=\box107
\mc@col@check@num=\count290
)
(/opt/homebrew/Cellar/texlive/20230313_2/share/texmf-dist/tex/latex/multirow/mu
ltirow.sty
Package: multirow 2021/03/15 v2.8 Span multiple rows of a table
\multirow@colwidth=\skip63
\multirow@cntb=\count291
\multirow@dima=\skip64
\bigstrutjot=\dimen171
)
(/opt/homebrew/Cellar/texlive/20230313_2/share/texmf-dist/tex/latex/hanging/han
ging.sty
Package: hanging 2009/09/02 v1.2b hanging paragraphs and punctuation
\h@ngcommawd=\skip65
\h@ngfstopwd=\skip66
\h@ngquotewd=\skip67
\h@ngdquotewd=\skip68
\h@ngquerywd=\skip69
\h@ngexclwd=\skip70
\h@ngcolonwd=\skip71
\h@ngscolonwd=\skip72
)
(/opt/homebrew/Cellar/texlive/20230313_2/share/texmf-dist/tex/generic/iftex/ifp
df.sty
Package: ifpdf 2019/10/25 v3.4 ifpdf legacy package. Use iftex instead.

(/opt/homebrew/Cellar/texlive/20230313_2/share/texmf-dist/tex/generic/iftex/ift
ex.sty
Package: iftex 2022/02/03 v1.0f TeX engine tests
))
(/opt/homebrew/Cellar/texlive/20230313_2/share/texmf-dist/tex/latex/adjustbox/a
djustbox.sty
Package: adjustbox 2022/10/17 v1.3a Adjusting TeX boxes (trim, clip, ...)

(/opt/homebrew/Cellar/texlive/20230313_2/share/texmf-dist/tex/latex/xkeyval/xke
yval.sty
Package: xkeyval 2022/06/16 v2.9 package option processing (HA)

(/opt/homebrew/Cellar/texlive/20230313_2/share/texmf-dist/tex/generic/xkeyval/x
keyval.tex
(/opt/homebrew/Cellar/texlive/20230313_2/share/texmf-dist/tex/generic/xkeyval/x
kvutils.tex
\XKV@toks=\toks27
\XKV@tempa@toks=\toks28
)
\XKV@depth=\count292
File: xkeyval.tex 2014/12/03 v2.7a key=value parser (HA)
))
(/opt/homebrew/Cellar/texlive/20230313_2/share/texmf-dist/tex/latex/adjustbox/a
djcalc.sty
Package: adjcalc 2012/05/16 v1.1 Provides advanced setlength with multiple back
-ends (calc, etex, pgfmath)
)
(/opt/homebrew/Cellar/texlive/20230313_2/share/texmf-dist/tex/latex/adjustbox/t
rimclip.sty
Package: trimclip 2020/08/19 v1.2 Trim and clip general TeX material

(/opt/homebrew/Cellar/texlive/20230313_2/share/texmf-dist/tex/latex/graphics/gr
aphicx.sty
Package: graphicx 2021/09/16 v1.2d Enhanced LaTeX Graphics (DPC,SPQR)

(/opt/homebrew/Cellar/texlive/20230313_2/share/texmf-dist/tex/latex/graphics/gr
aphics.sty
Package: graphics 2022/03/10 v1.4e Standard LaTeX Graphics (DPC,SPQR)

(/opt/homebrew/Cellar/texlive/20230313_2/share/texmf-dist/tex/latex/graphics/tr
ig.sty
Package: trig 2021/08/11 v1.11 sin cos tan (DPC)
)
(/opt/homebrew/Cellar/texlive/20230313_2/share/texmf-dist/tex/latex/graphics-cf
g/graphics.cfg
File: graphics.cfg 2016/06/04 v1.11 sample graphics configuration
)
Package graphics Info: Driver file: pdftex.def on input line 107.
)
\Gin@req@height=\dimen172
\Gin@req@width=\dimen173
)
(/opt/homebrew/Cellar/texlive/20230313_2/share/texmf-dist/tex/latex/collectbox/
collectbox.sty
Package: collectbox 2022/10/17 v0.4c Collect macro arguments as boxes
\collectedbox=\box108
)
\tc@llx=\dimen174
\tc@lly=\dimen175
\tc@urx=\dimen176
\tc@ury=\dimen177
Package trimclip Info: Using driver 'tc-pdftex.def'.

(/opt/homebrew/Cellar/texlive/20230313_2/share/texmf-dist/tex/latex/adjustbox/t
c-pdftex.def
File: tc-pdftex.def 2019/01/04 v2.2 Clipping driver for pdftex
))
\adjbox@Width=\dimen178
\adjbox@Height=\dimen179
\adjbox@Depth=\dimen180
\adjbox@Totalheight=\dimen181
\adjbox@pwidth=\dimen182
\adjbox@pheight=\dimen183
\adjbox@pdepth=\dimen184
\adjbox@ptotalheight=\dimen185

(/opt/homebrew/Cellar/texlive/20230313_2/share/texmf-dist/tex/latex/ifoddpage/i
foddpage.sty
Package: ifoddpage 2022/10/18 v1.2 Conditionals for odd/even page detection
\c@checkoddpage=\count293
))
(/opt/homebrew/Cellar/texlive/20230313_2/share/texmf-dist/tex/latex/amsfonts/am
ssymb.sty
Package: amssymb 2013/01/14 v3.01 AMS font symbols

(/opt/homebrew/Cellar/texlive/20230313_2/share/texmf-dist/tex/latex/amsfonts/am
sfonts.sty
Package: amsfonts 2013/01/14 v3.01 Basic AMSFonts support
\@emptytoks=\toks29
\symAMSa=\mathgroup4
\symAMSb=\mathgroup5
LaTeX Font Info:    Redeclaring math symbol \hbar on input line 98.
LaTeX Font Info:    Overwriting math alphabet `\mathfrak' in version `bold'
(Font)                  U/euf/m/n --> U/euf/b/n on input line 106.
))
(/opt/homebrew/Cellar/texlive/20230313_2/share/texmf-dist/tex/latex/stackengine
/stackengine.sty
Package: stackengine 2021/07/22 v4.11\ Stacking text and objects in convenient 
ways

(/opt/homebrew/Cellar/texlive/20230313_2/share/texmf-dist/tex/latex/etoolbox/et
oolbox.sty
Package: etoolbox 2020/10/05 v2.5k e-TeX tools for LaTeX (JAW)
\etb@tempcnta=\count294
)
(/opt/homebrew/Cellar/texlive/20230313_2/share/texmf-dist/tex/generic/listofite
ms/listofitems.sty
(/opt/homebrew/Cellar/texlive/20230313_2/share/texmf-dist/tex/generic/listofite
ms/listofitems.tex
\loi_cnt_foreach_nest=\count295
\loi_nestcnt=\count296
)
Package: listofitems 2019/08/21 v1.63 Grab items in lists using user-specified 
sep char (CT)
)
\c@@stackindex=\count297
\@boxshift=\skip73
\stack@tmplength=\skip74
\temp@stkl=\skip75
\@stackedboxwidth=\skip76
\@addedbox=\box109
\@anchorbox=\box110
\@insetbox=\box111
\se@backgroundbox=\box112
\stackedbox=\box113
\@centerbox=\box114
\c@ROWcellindex@=\count298
)
(/opt/homebrew/Cellar/texlive/20230313_2/share/texmf-dist/tex/latex/enumitem/en
umitem.sty
Package: enumitem 2019/06/20 v3.9 Customized lists
\labelindent=\skip77
\enit@outerparindent=\dimen186
\enit@toks=\toks30
\enit@inbox=\box115
\enit@count@id=\count299
\enitdp@description=\count300
)
(/opt/homebrew/Cellar/texlive/20230313_2/share/texmf-dist/tex/generic/alphalph/
alphalph.sty
Package: alphalph 2019/12/09 v2.6 Convert numbers to letters (HO)

(/opt/homebrew/Cellar/texlive/20230313_2/share/texmf-dist/tex/generic/intcalc/i
ntcalc.sty
Package: intcalc 2019/12/15 v1.3 Expandable calculations with integers (HO)
))
(/opt/homebrew/Cellar/texlive/20230313_2/share/texmf-dist/tex/generic/ulem/ulem
.sty
\UL@box=\box116
\UL@hyphenbox=\box117
\UL@skip=\skip78
\UL@hook=\toks31
\UL@height=\dimen187
\UL@pe=\count301
\UL@pixel=\dimen188
\ULC@box=\box118
Package: ulem 2019/11/18
\ULdepth=\dimen189
)
\xrefbox=\box119
\xreflength=\skip79
\CodeWidthChar=\skip80
\CodeHeightChar=\skip81
\DoxyCodeWidth=\skip82
\c@DoxyEnumeratei=\count302
\c@DoxyEnumerateii=\count303
\c@DoxyEnumerateiii=\count304
\c@DoxyEnumerateiv=\count305
\c@DoxyEnumeratev=\count306
\c@DoxyEnumeratevi=\count307
\c@DoxyEnumeratevii=\count308
\c@DoxyEnumerateviii=\count309
\c@DoxyEnumerateix=\count310
\c@DoxyEnumeratex=\count311
\c@DoxyEnumeratexi=\count312
\c@DoxyEnumeratexii=\count313
\enitdp@DoxyEnumerate=\count314
\enitdp@DoxyItemize=\count315
\c@subsubsubsection=\count316
\c@subsubsubsubsection=\count317
\c@subsubsubsubsubsection=\count318
\c@subsubsubsubsubsubsection=\count319
)
(/opt/homebrew/Cellar/texlive/20230313_2/share/texmf-dist/tex/latex/base/inpute
nc.sty
Package: inputenc 2021/02/14 v1.3d Input encoding file
\inpenc@prehook=\toks32
\inpenc@posthook=\toks33
)
(/opt/homebrew/Cellar/texlive/20230313_2/share/texmf-dist/tex/latex/base/makeid
x.sty
Package: makeidx 2021/10/04 v1.0m Standard LaTeX package
)
(/opt/homebrew/Cellar/texlive/20230313_2/share/texmf-dist/tex/latex/base/textco
mp.sty
Package: textcomp 2020/02/02 v2.0n Standard LaTeX package
)
(/opt/homebrew/Cellar/texlive/20230313_2/share/texmf-dist/tex/latex/wasysym/was
ysym.sty
Package: wasysym 2020/01/19 v2.4 Wasy-2 symbol support package
\symwasy=\mathgroup6
LaTeX Font Info:    Overwriting symbol font `wasy' in version `bold'
(Font)                  U/wasy/m/n --> U/wasy/b/n on input line 93.
)
(/opt/homebrew/Cellar/texlive/20230313_2/share/texmf-dist/tex/generic/iftex/ifx
etex.sty
Package: ifxetex 2019/10/25 v0.7 ifxetex legacy package. Use iftex instead.
)
(/opt/homebrew/Cellar/texlive/20230313_2/share/texmf-dist/tex/latex/base/fonten
c.sty
Package: fontenc 2021/04/29 v2.0v Standard LaTeX package
)
(/opt/homebrew/Cellar/texlive/20230313_2/share/texmf-dist/tex/latex/psnfss/helv
et.sty
Package: helvet 2020/03/25 PSNFSS-v9.3 (WaS) 
)
(/opt/homebrew/Cellar/texlive/20230313_2/share/texmf-dist/tex/latex/psnfss/cour
ier.sty
Package: courier 2020/03/25 PSNFSS-v9.3 (WaS) 
)
(/opt/homebrew/Cellar/texlive/20230313_2/share/texmf-dist/tex/latex/geometry/ge
ometry.sty
Package: geometry 2020/01/02 v5.9 Page Geometry

(/opt/homebrew/Cellar/texlive/20230313_2/share/texmf-dist/tex/generic/iftex/ifv
tex.sty
Package: ifvtex 2019/10/25 v1.7 ifvtex legacy package. Use iftex instead.
)
\Gm@cnth=\count320
\Gm@cntv=\count321
\c@Gm@tempcnt=\count322
\Gm@bindingoffset=\dimen190
\Gm@wd@mp=\dimen191
\Gm@odd@mp=\dimen192
\Gm@even@mp=\dimen193
\Gm@layoutwidth=\dimen194
\Gm@layoutheight=\dimen195
\Gm@layouthoffset=\dimen196
\Gm@layoutvoffset=\dimen197
\Gm@dimlist=\toks34
)
(/opt/homebrew/Cellar/texlive/20230313_2/share/texmf-dist/tex/latex/changepage/
changepage.sty
Package: changepage 2009/10/20 v1.0c check page and change page layout
\c@cp@cntr=\count323
\cp@tempcnt=\count324
LaTeX Info: Redefining \checkoddpage on input line 59.
)
(/opt/homebrew/Cellar/texlive/20230313_2/share/texmf-dist/tex/latex/fancyhdr/fa
ncyhdr.sty
Package: fancyhdr 2022/11/09 v4.1 Extensive control of page headers and footers

\f@nch@headwidth=\skip83
\f@nch@O@elh=\skip84
\f@nch@O@erh=\skip85
\f@nch@O@olh=\skip86
\f@nch@O@orh=\skip87
\f@nch@O@elf=\skip88
\f@nch@O@erf=\skip89
\f@nch@O@olf=\skip90
\f@nch@O@orf=\skip91
)
(/opt/homebrew/Cellar/texlive/20230313_2/share/texmf-dist/tex/latex/natbib/natb
ib.sty
Package: natbib 2010/09/13 8.31b (PWD, AO)
\bibhang=\skip92
\bibsep=\skip93
LaTeX Info: Redefining \cite on input line 694.
\c@NAT@ctr=\count325
)
(/opt/homebrew/Cellar/texlive/20230313_2/share/texmf-dist/tex/latex/tocloft/toc
loft.sty
Package: tocloft 2017/08/31 v2.3i parameterised ToC, etc., typesetting
Package tocloft Info: The document has chapter divisions on input line 51.
\cftparskip=\skip94
\cftbeforetoctitleskip=\skip95
\cftaftertoctitleskip=\skip96
\cftbeforepartskip=\skip97
\cftpartnumwidth=\skip98
\cftpartindent=\skip99
\cftbeforechapskip=\skip100
\cftchapindent=\skip101
\cftchapnumwidth=\skip102
\cftbeforesecskip=\skip103
\cftsecindent=\skip104
\cftsecnumwidth=\skip105
\cftbeforesubsecskip=\skip106
\cftsubsecindent=\skip107
\cftsubsecnumwidth=\skip108
\cftbeforesubsubsecskip=\skip109
\cftsubsubsecindent=\skip110
\cftsubsubsecnumwidth=\skip111
\cftbeforeparaskip=\skip112
\cftparaindent=\skip113
\cftparanumwidth=\skip114
\cftbeforesubparaskip=\skip115
\cftsubparaindent=\skip116
\cftsubparanumwidth=\skip117
\cftbeforeloftitleskip=\skip118
\cftafterloftitleskip=\skip119
\cftbeforefigskip=\skip120
\cftfigindent=\skip121
\cftfignumwidth=\skip122
\c@lofdepth=\count326
\c@lotdepth=\count327
\cftbeforelottitleskip=\skip123
\cftafterlottitleskip=\skip124
\cftbeforetabskip=\skip125
\cfttabindent=\skip126
\cfttabnumwidth=\skip127
)
\@indexfile=\write4
\openout4 = `refman.idx'.


Writing index file refman.idx

(/opt/homebrew/Cellar/texlive/20230313_2/share/texmf-dist/tex/latex/epstopdf-pk
g/epstopdf.sty
Package: epstopdf 2020-01-24 v2.11 Conversion with epstopdf on the fly (HO)

(/opt/homebrew/Cellar/texlive/20230313_2/share/texmf-dist/tex/latex/grfext/grfe
xt.sty
Package: grfext 2019/12/03 v1.3 Manage graphics extensions (HO)

(/opt/homebrew/Cellar/texlive/20230313_2/share/texmf-dist/tex/generic/kvdefinek
eys/kvdefinekeys.sty
Package: kvdefinekeys 2019-12-19 v1.6 Define keys (HO)
))
(/opt/homebrew/Cellar/texlive/20230313_2/share/texmf-dist/tex/latex/kvoptions/k
voptions.sty
Package: kvoptions 2022-06-15 v3.15 Key value format for package options (HO)

(/opt/homebrew/Cellar/texlive/20230313_2/share/texmf-dist/tex/generic/ltxcmds/l
txcmds.sty
Package: ltxcmds 2020-05-10 v1.25 LaTeX kernel commands for general use (HO)
)
(/opt/homebrew/Cellar/texlive/20230313_2/share/texmf-dist/tex/latex/kvsetkeys/k
vsetkeys.sty
Package: kvsetkeys 2022-10-05 v1.19 Key value parser (HO)
))
(/opt/homebrew/Cellar/texlive/20230313_2/share/texmf-dist/tex/generic/pdftexcmd
s/pdftexcmds.sty
Package: pdftexcmds 2020-06-27 v0.33 Utility functions of pdfTeX for LuaTeX (HO
)
Package pdftexcmds Info: \pdf@primitive is available.
Package pdftexcmds Info: \pdf@ifprimitive is available.
Package pdftexcmds Info: \pdfdraftmode found.
)
(/opt/homebrew/Cellar/texlive/20230313_2/share/texmf-dist/tex/latex/epstopdf-pk
g/epstopdf-base.sty
Package: epstopdf-base 2020-01-24 v2.11 Base part for package epstopdf
Package epstopdf-base Info: Redefining graphics rule for `.eps' on input line 4
85.
Package grfext Info: Graphics extension search list:
(grfext)             [.pdf,.png,.jpg,.mps,.jpeg,.jbig2,.jb2,.PDF,.PNG,.JPG,.JPE
G,.JBIG2,.JB2,.eps]
(grfext)             \AppendGraphicsExtensions on input line 504.

(/opt/homebrew/Cellar/texlive/20230313_2/share/texmf-dist/tex/latex/latexconfig
/epstopdf-sys.cfg
File: epstopdf-sys.cfg 2010/07/13 v1.3 Configuration of (r)epstopdf for TeX Liv
e
)))
(/opt/homebrew/Cellar/texlive/20230313_2/share/texmf-dist/tex/latex/amsmath/ams
math.sty
Package: amsmath 2022/04/08 v2.17n AMS math features
\@mathmargin=\skip128

For additional information on amsmath, use the `?' option.

(/opt/homebrew/Cellar/texlive/20230313_2/share/texmf-dist/tex/latex/amsmath/ams
text.sty
Package: amstext 2021/08/26 v2.01 AMS text

(/opt/homebrew/Cellar/texlive/20230313_2/share/texmf-dist/tex/latex/amsmath/ams
gen.sty
File: amsgen.sty 1999/11/30 v2.0 generic functions
\@emptytoks=\toks35
\ex@=\dimen198
))
(/opt/homebrew/Cellar/texlive/20230313_2/share/texmf-dist/tex/latex/amsmath/ams
bsy.sty
Package: amsbsy 1999/11/29 v1.2d Bold Symbols
\pmbraise@=\dimen199
)
(/opt/homebrew/Cellar/texlive/20230313_2/share/texmf-dist/tex/latex/amsmath/ams
opn.sty
Package: amsopn 2022/04/08 v2.04 operator names
)
\inf@bad=\count328
LaTeX Info: Redefining \frac on input line 234.
\uproot@=\count329
\leftroot@=\count330
LaTeX Info: Redefining \overline on input line 399.
LaTeX Info: Redefining \colon on input line 410.
\classnum@=\count331
\DOTSCASE@=\count332
LaTeX Info: Redefining \ldots on input line 496.
LaTeX Info: Redefining \dots on input line 499.
LaTeX Info: Redefining \cdots on input line 620.
\Mathstrutbox@=\box120
\strutbox@=\box121
LaTeX Info: Redefining \big on input line 722.
LaTeX Info: Redefining \Big on input line 723.
LaTeX Info: Redefining \bigg on input line 724.
LaTeX Info: Redefining \Bigg on input line 725.
\big@size=\dimen256
LaTeX Font Info:    Redeclaring font encoding OML on input line 743.
LaTeX Font Info:    Redeclaring font encoding OMS on input line 744.
\macc@depth=\count333
LaTeX Info: Redefining \bmod on input line 905.
LaTeX Info: Redefining \pmod on input line 910.
LaTeX Info: Redefining \smash on input line 940.
LaTeX Info: Redefining \relbar on input line 970.
LaTeX Info: Redefining \Relbar on input line 971.
\c@MaxMatrixCols=\count334
\dotsspace@=\muskip16
\c@parentequation=\count335
\dspbrk@lvl=\count336
\tag@help=\toks36
\row@=\count337
\column@=\count338
\maxfields@=\count339
\andhelp@=\toks37
\eqnshift@=\dimen257
\alignsep@=\dimen258
\tagshift@=\dimen259
\tagwidth@=\dimen260
\totwidth@=\dimen261
\lineht@=\dimen262
\@envbody=\toks38
\multlinegap=\skip129
\multlinetaggap=\skip130
\mathdisplay@stack=\toks39
LaTeX Info: Redefining \[ on input line 2953.
LaTeX Info: Redefining \] on input line 2954.
)
(/opt/homebrew/Cellar/texlive/20230313_2/share/texmf-dist/tex/latex/newunicodec
har/newunicodechar.sty
Package: newunicodechar 2018/04/08 v1.2 Defining Unicode characters
)
(/opt/homebrew/Cellar/texlive/20230313_2/share/texmf-dist/tex/latex/hyperref/hy
perref.sty
Package: hyperref 2023-02-07 v7.00v Hypertext links for LaTeX

(/opt/homebrew/Cellar/texlive/20230313_2/share/texmf-dist/tex/generic/pdfescape
/pdfescape.sty
Package: pdfescape 2019/12/09 v1.15 Implements pdfTeX's escape features (HO)
)
(/opt/homebrew/Cellar/texlive/20230313_2/share/texmf-dist/tex/latex/hycolor/hyc
olor.sty
Package: hycolor 2020-01-27 v1.10 Color options for hyperref/bookmark (HO)
)
(/opt/homebrew/Cellar/texlive/20230313_2/share/texmf-dist/tex/latex/letltxmacro
/letltxmacro.sty
Package: letltxmacro 2019/12/03 v1.6 Let assignment for LaTeX macros (HO)
)
(/opt/homebrew/Cellar/texlive/20230313_2/share/texmf-dist/tex/latex/auxhook/aux
hook.sty
Package: auxhook 2019-12-17 v1.6 Hooks for auxiliary files (HO)
)
(/opt/homebrew/Cellar/texlive/20230313_2/share/texmf-dist/tex/latex/hyperref/na
meref.sty
Package: nameref 2022-05-17 v2.50 Cross-referencing by name of section

(/opt/homebrew/Cellar/texlive/20230313_2/share/texmf-dist/tex/latex/refcount/re
fcount.sty
Package: refcount 2019/12/15 v3.6 Data extraction from label references (HO)
)
(/opt/homebrew/Cellar/texlive/20230313_2/share/texmf-dist/tex/generic/gettitles
tring/gettitlestring.sty
Package: gettitlestring 2019/12/15 v1.6 Cleanup title references (HO)
)
\c@section@level=\count340
)
\@linkdim=\dimen263
\Hy@linkcounter=\count341
\Hy@pagecounter=\count342

(/opt/homebrew/Cellar/texlive/20230313_2/share/texmf-dist/tex/latex/hyperref/pd
1enc.def
File: pd1enc.def 2023-02-07 v7.00v Hyperref: PDFDocEncoding definition (HO)
Now handling font encoding PD1 ...
... no UTF-8 mapping file for font encoding PD1
)
(/opt/homebrew/Cellar/texlive/20230313_2/share/texmf-dist/tex/generic/etexcmds/
etexcmds.sty
Package: etexcmds 2019/12/15 v1.7 Avoid name clashes with e-TeX commands (HO)
)
\Hy@SavedSpaceFactor=\count343

(/opt/homebrew/Cellar/texlive/20230313_2/share/texmf-dist/tex/latex/hyperref/pu
enc.def
File: puenc.def 2023-02-07 v7.00v Hyperref: PDF Unicode definition (HO)
Now handling font encoding PU ...
... no UTF-8 mapping file for font encoding PU
)
Package hyperref Info: Hyper figures OFF on input line 4177.
Package hyperref Info: Link nesting OFF on input line 4182.
Package hyperref Info: Hyper index ON on input line 4185.
Package hyperref Info: Plain pages OFF on input line 4192.
Package hyperref Info: Backreferencing ON on input line 4195.
Package hyperref Info: Implicit mode ON; LaTeX internals redefined.
Package hyperref Info: Bookmarks ON on input line 4425.

(/opt/homebrew/Cellar/texlive/20230313_2/share/texmf-dist/tex/latex/hyperref/ba
ckref.sty
Package: backref 2021/02/04 v1.41 Bibliographical back referencing

(/opt/homebrew/Cellar/texlive/20230313_2/share/texmf-dist/tex/latex/rerunfilech
eck/rerunfilecheck.sty
Package: rerunfilecheck 2022-07-10 v1.10 Rerun checks for auxiliary files (HO)

(/opt/homebrew/Cellar/texlive/20230313_2/share/texmf-dist/tex/latex/base/atvery
end-ltx.sty
Package: atveryend-ltx 2020/08/19 v1.0a Emulation of the original atveryend pac
kage
with kernel methods
)
(/opt/homebrew/Cellar/texlive/20230313_2/share/texmf-dist/tex/generic/uniquecou
nter/uniquecounter.sty
Package: uniquecounter 2019/12/15 v1.4 Provide unlimited unique counter (HO)

(/opt/homebrew/Cellar/texlive/20230313_2/share/texmf-dist/tex/generic/bigintcal
c/bigintcalc.sty
Package: bigintcalc 2019/12/15 v1.5 Expandable calculations on big integers (HO
)
))
Package uniquecounter Info: New unique counter `rerunfilecheck' on input line 2
85.
))
\c@Hy@tempcnt=\count344

(/opt/homebrew/Cellar/texlive/20230313_2/share/texmf-dist/tex/latex/url/url.sty
\Urlmuskip=\muskip17
Package: url 2013/09/16  ver 3.4  Verb mode for urls, etc.
)
LaTeX Info: Redefining \url on input line 4763.
\XeTeXLinkMargin=\dimen264

(/opt/homebrew/Cellar/texlive/20230313_2/share/texmf-dist/tex/generic/bitset/bi
tset.sty
Package: bitset 2019/12/09 v1.3 Handle bit-vector datatype (HO)
)
\Fld@menulength=\count345
\Field@Width=\dimen265
\Fld@charsize=\dimen266
Package hyperref Info: Hyper figures OFF on input line 6042.
Package hyperref Info: Link nesting OFF on input line 6047.
Package hyperref Info: Hyper index ON on input line 6050.
Package hyperref Info: backreferencing ON on input line 6055.
Package hyperref Info: Link coloring OFF on input line 6062.
Package hyperref Info: Link coloring with OCG OFF on input line 6067.
Package hyperref Info: PDF/A mode OFF on input line 6072.

(/opt/homebrew/Cellar/texlive/20230313_2/share/texmf-dist/tex/latex/base/atbegs
hi-ltx.sty
Package: atbegshi-ltx 2021/01/10 v1.0c Emulation of the original atbegshi
package with kernel methods
)
\Hy@abspage=\count346
\c@Item=\count347
\c@Hfootnote=\count348
)
Package hyperref Info: Driver: hpdftex.

(/opt/homebrew/Cellar/texlive/20230313_2/share/texmf-dist/tex/latex/hyperref/hp
dftex.def
File: hpdftex.def 2023-02-07 v7.00v Hyperref driver for pdfTeX
\Fld@listcount=\count349
\c@bookmark@seq@number=\count350
\Hy@SectionHShift=\skip131
)
Package hyperref Info: Option `colorlinks' set `true' on input line 164.
Package hyperref Info: Option `unicode' set `true' on input line 164.

(/opt/homebrew/Cellar/texlive/20230313_2/share/texmf-dist/tex/latex/caption/cap
tion.sty
Package: caption 2023/03/12 v3.6j Customizing captions (AR)

(/opt/homebrew/Cellar/texlive/20230313_2/share/texmf-dist/tex/latex/caption/cap
tion3.sty
Package: caption3 2023/03/12 v2.4 caption3 kernel (AR)
\caption@tempdima=\dimen267
\captionmargin=\dimen268
\caption@leftmargin=\dimen269
\caption@rightmargin=\dimen270
\caption@width=\dimen271
\caption@indent=\dimen272
\caption@parindent=\dimen273
\caption@hangindent=\dimen274
Package caption Info: Standard document class detected.
)
\c@caption@flags=\count351
\c@continuedfloat=\count352
Package caption Info: changepage package is loaded.
\caption@adjustwidth@hsize=\dimen275
\caption@adjustwidth@linewidth=\dimen276
Package caption Info: float package is loaded.
Package caption Info: hyperref package is loaded.
Package caption Info: longtable package is loaded.

(/opt/homebrew/Cellar/texlive/20230313_2/share/texmf-dist/tex/latex/caption/ltc
aption.sty
Package: ltcaption 2021/01/08 v1.4c longtable captions (AR)
)) (./etoc_doxygen.sty
Package: etoc_doxygen 2023/05/01 v1.2a Completely customisable TOCs (JFB)
\Etoc@toctoks=\toks40
\c@etoc@tocid=\count353
\etoc@framed@titlebox=\box122
\etoc@framed@contentsbox=\box123
)
LaTeX Font Info:    Trying to load font information for T1+phv on input line 18
6.

(/opt/homebrew/Cellar/texlive/20230313_2/share/texmf-dist/tex/latex/psnfss/t1ph
v.fd
File: t1phv.fd 2020/03/25 scalable font definitions for T1/phv.
)
LaTeX Font Info:    Font shape `T1/phv/m/n' will be
(Font)              scaled to size 8.99994pt on input line 186.

(/opt/homebrew/Cellar/texlive/20230313_2/share/texmf-dist/tex/latex/l3backend/l
3backend-pdftex.def
File: l3backend-pdftex.def 2023-01-16 L3 backend support: PDF output (pdfTeX)
\l__color_backend_stack_int=\count354
\l__pdf_internal_box=\box124
) (./refman.aux

LaTeX Warning: Label `classThreeBodyStorage_aefd01338a442da07701509906f031b6e' 
multiply defined.


LaTeX Warning: Label `classThreeBodyStorage_aefd01338a442da07701509906f031b6e' 
multiply defined.


LaTeX Warning: Label `classThreeBodyStorage_aefd01338a442da07701509906f031b6e' 
multiply defined.


LaTeX Warning: Label `classThreeBodyStorage_aefd01338a442da07701509906f031b6e' 
multiply defined.

)
\openout1 = `refman.aux'.

LaTeX Font Info:    Checking defaults for OML/cmm/m/it on input line 186.
LaTeX Font Info:    ... okay on input line 186.
LaTeX Font Info:    Checking defaults for OMS/cmsy/m/n on input line 186.
LaTeX Font Info:    ... okay on input line 186.
LaTeX Font Info:    Checking defaults for OT1/cmr/m/n on input line 186.
LaTeX Font Info:    ... okay on input line 186.
LaTeX Font Info:    Checking defaults for T1/cmr/m/n on input line 186.
LaTeX Font Info:    ... okay on input line 186.
LaTeX Font Info:    Checking defaults for TS1/cmr/m/n on input line 186.
LaTeX Font Info:    ... okay on input line 186.
LaTeX Font Info:    Checking defaults for OMX/cmex/m/n on input line 186.
LaTeX Font Info:    ... okay on input line 186.
LaTeX Font Info:    Checking defaults for U/cmr/m/n on input line 186.
LaTeX Font Info:    ... okay on input line 186.
LaTeX Font Info:    Checking defaults for PD1/pdf/m/n on input line 186.
LaTeX Font Info:    ... okay on input line 186.
LaTeX Font Info:    Checking defaults for PU/pdf/m/n on input line 186.
LaTeX Font Info:    ... okay on input line 186.

(/opt/homebrew/Cellar/texlive/20230313_2/share/texmf-dist/tex/context/base/mkii
/supp-pdf.mkii
[Loading MPS to PDF converter (version 2006.09.02).]
\scratchcounter=\count355
\scratchdimen=\dimen277
\scratchbox=\box125
\nofMPsegments=\count356
\nofMParguments=\count357
\everyMPshowfont=\toks41
\MPscratchCnt=\count358
\MPscratchDim=\dimen278
\MPnumerator=\count359
\makeMPintoPDFobject=\count360
\everyMPtoPDFconversion=\toks42
)
*geometry* driver: auto-detecting
*geometry* detected driver: pdftex
*geometry* verbose mode - [ preamble ] result:
* driver: pdftex
* paper: letterpaper
* layout: <same size as paper>
* layoutoffset:(h,v)=(0.0pt,0.0pt)
* modes: twoside 
* h-part:(L,W,R)=(71.13188pt, 472.03123pt, 71.13188pt)
* v-part:(T,H,B)=(71.13188pt, 652.70622pt, 71.13188pt)
* \paperwidth=614.295pt
* \paperheight=794.96999pt
* \textwidth=472.03123pt
* \textheight=652.70622pt
* \oddsidemargin=-1.1381pt
* \evensidemargin=-1.1381pt
* \topmargin=-31.2056pt
* \headheight=12.0pt
* \headsep=18.06749pt
* \topskip=10.0pt
* \footskip=25.29494pt
* \marginparwidth=125.0pt
* \marginparsep=7.0pt
* \columnsep=10.0pt
* \skip\footins=9.0pt plus 4.0pt minus 2.0pt
* \hoffset=0.0pt
* \voffset=0.0pt
* \mag=1000
* \@twocolumnfalse
* \@twosidetrue
* \@mparswitchtrue
* \@reversemarginfalse
* (1in=72.27pt=25.4mm, 1cm=28.453pt)

Package backref Info: ** backref set up for natbib ** on input line 186.
Package hyperref Info: Link coloring ON on input line 186.
(./refman.out) (./refman.out)
\@outlinefile=\write5
\openout5 = `refman.out'.

Package caption Info: Begin \AtBeginDocument code.
Package caption Info: End \AtBeginDocument code.
\Etoc@tf=\read4
Package hyperref Info: Option `pageanchor' set `false' on input line 194.
Package hyperref Info: Option `bookmarksnumbered' set `true' on input line 194.

Package hyperref Info: Option `unicode' set `true' on input line 194.
LaTeX Font Info:    Font shape `T1/phv/m/n' will be
(Font)              scaled to size 12.9599pt on input line 199.
LaTeX Font Info:    Font shape `T1/phv/m/n' will be
(Font)              scaled to size 6.29996pt on input line 199.
LaTeX Font Info:    Trying to load font information for U+msa on input line 199
.

(/opt/homebrew/Cellar/texlive/20230313_2/share/texmf-dist/tex/latex/amsfonts/um
sa.fd
File: umsa.fd 2013/01/14 v3.01 AMS symbols A
)
LaTeX Font Info:    Trying to load font information for U+msb on input line 199
.

(/opt/homebrew/Cellar/texlive/20230313_2/share/texmf-dist/tex/latex/amsfonts/um
sb.fd
File: umsb.fd 2013/01/14 v3.01 AMS symbols B
)
LaTeX Font Info:    Trying to load font information for U+wasy on input line 19
9.

(/opt/homebrew/Cellar/texlive/20230313_2/share/texmf-dist/tex/latex/wasysym/uwa
sy.fd
File: uwasy.fd 2020/01/19 v2.4 Wasy-2 symbol font definitions
)
LaTeX Font Info:    Font shape `T1/phv/m/n' will be
(Font)              scaled to size 10.79993pt on input line 200.
LaTeX Font Info:    Font shape `T1/phv/m/n' will be
(Font)              scaled to size 8.09995pt on input line 204.
 [1


{/opt/homebrew/Cellar/texlive/20230313_2/share/texmf-dist/fonts/map/pdftex/updm
ap/pdftex.map}{/opt/homebrew/Cellar/texlive/20230313_2/share/texmf-dist/fonts/e
nc/dvips/base/8r.enc}] [2

]
\tf@toc=\write6
\openout6 = `refman.toc'.

LaTeX Font Info:    Font shape `T1/phv/b/n' will be
(Font)              scaled to size 8.99994pt on input line 210.
LaTeX Font Info:    Font shape `T1/phv/b/n' will be
(Font)              scaled to size 6.29996pt on input line 210.
 [1] [2] [3]
LaTeX Font Info:    Font shape `T1/phv/m/n' will be
(Font)              scaled to size 7.19995pt on input line 210.
LaTeX Font Info:    Trying to load font information for T1+pcr on input line 21
0.

(/opt/homebrew/Cellar/texlive/20230313_2/share/texmf-dist/tex/latex/psnfss/t1pc
r.fd
File: t1pcr.fd 2001/06/04 font definitions for T1/pcr.
) [4] [5] [6] [7] [8] [9] [10]
Package hyperref Info: Option `pageanchor' set `true' on input line 213.
 (./index.tex
Chapter 1.
LaTeX Font Info:    Font shape `T1/phv/m/n' will be
(Font)              scaled to size 18.66588pt on input line 1.
LaTeX Font Info:    Font shape `T1/phv/b/n' will be
(Font)              scaled to size 18.66588pt on input line 1.
LaTeX Font Info:    Font shape `T1/phv/b/n' will be
(Font)              scaled to size 22.39185pt on input line 1.
LaTeX Font Info:    Trying to load font information for TS1+phv on input line 9
.

(/opt/homebrew/Cellar/texlive/20230313_2/share/texmf-dist/tex/latex/psnfss/ts1p
hv.fd
File: ts1phv.fd 2020/03/25 scalable font definitions for TS1/phv.
)
LaTeX Font Info:    Font shape `TS1/phv/m/n' will be
(Font)              scaled to size 8.99994pt on input line 9.
) [1


] [2

]
Chapter 2.
(./namespaces.tex
LaTeX Font Info:    Font shape `T1/phv/b/n' will be
(Font)              scaled to size 12.9599pt on input line 1.
) [3] [4

]
Chapter 3.
(./hierarchy.tex [5]) [6]
Chapter 4.
(./annotated.tex [7

]) [8]
Chapter 5.
(./files.tex) [9

] [10

]
Chapter 6.
(./namespaceAngMom.tex
LaTeX Font Info:    Font shape `T1/phv/m/it' in size <9> not available
(Font)              Font shape `T1/phv/m/sl' tried instead on input line 13.
LaTeX Font Info:    Font shape `T1/phv/m/sl' will be
(Font)              scaled to size 8.09995pt on input line 13.
LaTeX Font Info:    Font shape `T1/phv/m/it' in size <7> not available
(Font)              Font shape `T1/phv/m/sl' tried instead on input line 34.
LaTeX Font Info:    Font shape `T1/phv/m/sl' will be
(Font)              scaled to size 6.29996pt on input line 34.
LaTeX Font Info:    Font shape `TS1/phv/m/it' in size <9> not available
(Font)              Font shape `TS1/phv/m/sl' tried instead on input line 53.
LaTeX Font Info:    Font shape `TS1/phv/m/sl' will be
(Font)              scaled to size 8.09995pt on input line 53.
 [11]
LaTeX Font Info:    Font shape `T1/phv/b/n' will be
(Font)              scaled to size 10.79993pt on input line 70.
LaTeX Font Info:    Font shape `T1/pcr/m/it' in size <8> not available
(Font)              Font shape `T1/pcr/m/sl' tried instead on input line 78.
LaTeX Font Info:    Font shape `T1/pcr/m/it' in size <7> not available
(Font)              Font shape `T1/pcr/m/sl' tried instead on input line 84.
 [12]) (./namespaceCommutator.tex [13] [14] [15]
[16] [17] [18] [19]
LaTeX Font Info:    Font shape `T1/phv/m/n' will be
(Font)              scaled to size 4.49997pt on input line 462.

Overfull \hbox (131.23273pt too wide) detected at line 497
\OML/cmm/m/it/10 Z[] \OT1/cmr/m/n/10 = [](\OML/cmm/m/it/10 n[][] \OMS/cmsy/m/n/
10 ^^@ []\OML/cmm/m/it/10 n[]\OT1/cmr/m/n/10 ) [](2\OML/cmm/m/it/10 J[] \OT1/cm
r/m/n/10 + 1) []
 []

[20]
Overfull \hbox (176.25148pt too wide) detected at line 543
\U/msb/m/n/10 Z[] \OT1/cmr/m/n/10 = [](\OML/cmm/m/it/10 n[] \OMS/cmsy/m/n/10 ^^
@ \OML/cmm/m/it/10 n[]\OT1/cmr/m/n/10 )[][][][] []
 []


Underfull \hbox (badness 1668) in paragraph at lines 549--549
\T1/phv/m/n/10 The Pandya-transformed ma-trix el-e-ments are ob-tained with [].
 The ma-tri-ces
 []

[21] [22] [23] [24]) (./namespaceimsrg__util.tex [25] [26] [27] [28] [29]
[30]) (./namespaceM0nu.tex [31] [32]
Overfull \hbox (19.10818pt too wide) in paragraph at lines 118--121
[]\T1/phv/m/n/10 Converts (a,b,c,d) in base (maxa+1,maxb+1,maxc+1,maxd+1) to an
 or-dered dec-i-mal in-te-ger eg[]: for (maxa,maxb,maxc,maxd)
 []


Package amsfonts Warning: Obsolete command \bold; \mathbf should be used instea
d on input line 129.


LaTeX Font Warning: Font shape `U/wasy/b/n' in size <7> not available
(Font)              Font shape `U/wasy/m/n' tried instead on input line 151.


LaTeX Font Warning: Font shape `U/wasy/b/n' in size <5> not available
(Font)              Font shape `U/wasy/m/n' tried instead on input line 151.

[33]) (./namespaceReferenceImplementations.tex [34] [35] [36] [37] [38]
Underfull \hbox (badness 10000) in paragraph at lines 162--163

 []

[39]) (./namespacestd.tex [40] [41] [42] [43]) [44]
Chapter 7.
(./structbookkeeping__nav.tex) (./structChannelPair.tex)
(./classcomm232_1_1internal_1_1CollectedBases.tex [45

]) (./classGenerator.tex
[46]) (./classHartreeFock.tex <./classHartreeFock.pdf>
<classHartreeFock.pdf, id=3555, 501.875pt x 441.20834pt>
File: classHartreeFock.pdf Graphic file (type pdf)
<use classHartreeFock.pdf>
Package pdftex.def Info: classHartreeFock.pdf  used on input line 6.
(pdftex.def)             Requested size: 64.7253pt x 56.9055pt.
 [47] [48] [49] [50]
[51]
LaTeX Font Info:    Font shape `T1/phv/b/n' will be
(Font)              scaled to size 7.19995pt on input line 309.
 [52{/opt/homebrew/Cellar/texlive/20230313_2/share/texmf-dist/fonts/enc/dvips/c
m-super/cm-super-t1.enc}]
Underfull \hbox (badness 1158) in paragraph at lines 326--329
\T1/phv/m/n/10 Where $\OML/cmm/m/it/10 F$ \T1/phv/m/n/10 is the Fock ma-trix ob
-tained in [] and the ma-trix $\OML/cmm/m/it/10 D$ \T1/phv/m/n/10 is the same a
s the one de-fined in
 []

[53] [54] [55] [56]) (./structstd_1_1hash_3_01ChannelPair_01_4.tex)
(./structstd_1_1hash_3_01javier__state__t_01_4.tex) (./classHFMBPT.tex <./class
HFMBPT.pdf>
<classHFMBPT.pdf, id=3765, 501.875pt x 441.20834pt>
File: classHFMBPT.pdf Graphic file (type pdf)
<use classHFMBPT.pdf>
Package pdftex.def Info: classHFMBPT.pdf  used on input line 6.
(pdftex.def)             Requested size: 64.7253pt x 56.9055pt.
 [57] [58] [59] [60] [61]) (./classIMSRGProfiler.tex)
(./classIMSRGSolver.tex [62] [63] [64] [65]) (./structjacobi1__state.tex)
(./structjacobi2__state.tex) (./classJacobi3BME.tex [66] [67])
(./structjavier__state__t.tex [68]) (./structKet.tex) (./structKet3.tex
[69]) (./structlabstate__nav.tex) (./classModelSpace.tex [70] [71] [72]
[73] [74] [75]
Overfull \hbox (149.56831pt too wide) in paragraph at lines 649--649
[]\T1/pcr/m/n/7 "p0s1"[],[]"n0s1"[],[]"p0p3"[],[]"n0p3"[],[]"p0p1"[],[]"n0p1"[]
,[]"p0d5"[],[]"n0d5"[],[]"p0d3"[],[]"n0d3"[],[]"p1s1"[],[]"n1s1"[],[]"p0f7"[],[
]"n0f7"[],[]"p0f5"[],[]"n0f5"[],[]"p1p3"[],[]"n1p3"[],[]"p1p1"[],[]"n1p1"[]}}, 
 
 []

) (./classIMSRGSolver_1_1ODE__Monitor.tex)
(./classcomm232_1_1internal_1_1OneBodyBasis.tex [76]) (./classOperator.tex
[77] [78] [79] [80]
Overfull \hbox (19.23232pt too wide) detected at line 403
[] [] []\OT1/cmr/m/n/10 (2\OML/cmm/m/it/10 J \OT1/cmr/m/n/10 + 1)[] + [] [](2\O
ML/cmm/m/it/10 J \OT1/cmr/m/n/10 + 1)[][]
 []

[81]) (./structOpFromFile.tex [82]) (./structOrbit.tex)
(./classOrbitIsospin.tex [83]) (./classParameters.tex [84] [85])
(./classReadWrite.tex [86] [87] [88] [89] [90]) (./structrelativestate__nav.tex
) (./classRPA.tex [91] [92]) (./classSixJCache__112112.tex)
(./classcomm232_1_1internal_1_1ThreeBodyBasis.tex [93])
(./structThreeBodyChannel.tex) (./classThreeBodyChannelMono.tex [94])
(./classThreeBodyChannelNO2B.tex [95]) (./classThreeBodyME.tex [96] [97]
[98]) (./classThreeBodySpaceMono.tex) (./classThreeBodySpaceNO2B.tex [99])
(./classThreeBodyStorage.tex <./classThreeBodyStorage.pdf>
<classThreeBodyStorage.pdf, id=5251, 501.875pt x 40.97307pt>
File: classThreeBodyStorage.pdf Graphic file (type pdf)
<use classThreeBodyStorage.pdf>
Package pdftex.def Info: classThreeBodyStorage.pdf  used on input line 6.
(pdftex.def)             Requested size: 398.2995pt x 32.5173pt.
 [100] [101] [102]
[103]) (./classThreeBodyStorage__iso.tex <./classThreeBodyStorage__iso.pdf>
<classThreeBodyStorage__iso.pdf, id=5391, 501.875pt x 269.46672pt>
File: classThreeBodyStorage__iso.pdf Graphic file (type pdf)
<use classThreeBodyStorage__iso.pdf>
Package pdftex.def Info: classThreeBodyStorage__iso.pdf  used on input line 6.
(pdftex.def)             Requested size: 105.97887pt x 56.9055pt.

[104] [105]
pdfTeX warning (ext4): destination with the same identifier (name{classThreeBod
yStorage_aefd01338a442da07701509906f031b6e}) has been already used, duplicate i
gnored
<to be read again> 
                   \relax 
l.178 ...torage_aefd01338a442da07701509906f031b6e}
                                                  \label{classThreeBodyStora...
[106] [107] [108] [109] [110]) (./classThreeBodyStorage__mono.tex <./classThree
BodyStorage__mono.pdf>
<classThreeBodyStorage__mono.pdf, id=5522, 501.875pt x 163.88226pt>
File: classThreeBodyStorage__mono.pdf Graphic file (type pdf)
<use classThreeBodyStorage__mono.pdf>
Package pdftex.def Info: classThreeBodyStorage__mono.pdf  used on input line 6.

(pdftex.def)             Requested size: 174.26512pt x 56.9055pt.
 [111] [112]
pdfTeX warning (ext4): destination with the same identifier (name{classThreeBod
yStorage_aefd01338a442da07701509906f031b6e}) has been already used, duplicate i
gnored
<to be read again> 
                   \relax 
l.175 ...torage_aefd01338a442da07701509906f031b6e}
                                                  \label{classThreeBodyStora...
[113] [114]
Underfull \hbox (badness 10000) in paragraph at lines 301--303
\T1/pcr/m/n/8 std[]::string []$\OML/cmm/m/it/8 <$ \T1/pcr/m/n/8 Store[]Type $\O
ML/cmm/m/it/8 >$[]\T1/pcr/m/n/8 ::[]Get[]Storage[]Mode ( ) const [inline], [ove
rride],
 []

[115]) (./classThreeBodyStorage__no2b.tex <./classThreeBodyStorage__no2b.pdf>
<classThreeBodyStorage__no2b.pdf, id=5655, 501.875pt x 165.2273pt>
File: classThreeBodyStorage__no2b.pdf Graphic file (type pdf)
<use classThreeBodyStorage__no2b.pdf>
Package pdftex.def Info: classThreeBodyStorage__no2b.pdf  used on input line 6.

(pdftex.def)             Requested size: 172.84839pt x 56.9055pt.

[116] [117]
pdfTeX warning (ext4): destination with the same identifier (name{classThreeBod
yStorage_aefd01338a442da07701509906f031b6e}) has been already used, duplicate i
gnored
<to be read again> 
                   \relax 
l.175 ...torage_aefd01338a442da07701509906f031b6e}
                                                  \label{classThreeBodyStora...
[118] [119]
Underfull \hbox (badness 10000) in paragraph at lines 301--303
\T1/pcr/m/n/8 std[]::string []$\OML/cmm/m/it/8 <$ \T1/pcr/m/n/8 Store[]Type $\O
ML/cmm/m/it/8 >$[]\T1/pcr/m/n/8 ::[]Get[]Storage[]Mode ( ) const [inline], [ove
rride],
 []

[120] [121]) (./classThreeBodyStorage__pn.tex <./classThreeBodyStorage__pn.pdf>
<classThreeBodyStorage__pn.pdf, id=5793, 501.875pt x 273.1304pt>
File: classThreeBodyStorage__pn.pdf Graphic file (type pdf)
<use classThreeBodyStorage__pn.pdf>
Package pdftex.def Info: classThreeBodyStorage__pn.pdf  used on input line 6.
(pdftex.def)             Requested size: 104.56213pt x 56.9055pt.
[122] [123]
pdfTeX warning (ext4): destination with the same identifier (name{classThreeBod
yStorage_aefd01338a442da07701509906f031b6e}) has been already used, duplicate i
gnored
<to be read again> 
                   \relax 
l.180 ...torage_aefd01338a442da07701509906f031b6e}
                                                  \label{classThreeBodyStora...
[124] [125] [126] [127]) (./structThreeBodyStorageChannel.tex)
(./structThreeBodyStorageChannelHash.tex) (./structThreeLegME.tex [128])
(./classcomm232_1_1internal_1_1TwoBodyBasis.tex [129])
(./classTwoBodyChannel.tex <./classTwoBodyChannel.pdf>
<classTwoBodyChannel.pdf, id=5995, 501.875pt x 262.4204pt>
File: classTwoBodyChannel.pdf Graphic file (type pdf)
<use classTwoBodyChannel.pdf>
Package pdftex.def Info: classTwoBodyChannel.pdf  used on input line 6.
(pdftex.def)             Requested size: 108.82764pt x 56.9055pt.
 [130])
(./structTwoBodyChannel__base.tex <./structTwoBodyChannel__base.pdf>
<structTwoBodyChannel__base.pdf, id=6034, 501.875pt x 131.2102pt>
File: structTwoBodyChannel__base.pdf Graphic file (type pdf)
<use structTwoBodyChannel__base.pdf>
Package pdftex.def Info: structTwoBodyChannel__base.pdf  used on input line 6.
(pdftex.def)             Requested size: 217.66292pt x 56.9055pt.
 [131])
(./classTwoBodyChannel__CC.tex <./classTwoBodyChannel__CC.pdf>
<classTwoBodyChannel__CC.pdf, id=6055, 501.875pt x 262.4204pt>
File: classTwoBodyChannel__CC.pdf Graphic file (type pdf)
<use classTwoBodyChannel__CC.pdf>
Package pdftex.def Info: classTwoBodyChannel__CC.pdf  used on input line 6.
(pdftex.def)             Requested size: 108.82764pt x 56.9055pt.
 [132] [133])
(./classTwoBodyME.tex [134] [135] [136]) (./classUnitTest.tex [137] [138]
[139] [140])
(./structboost_1_1numeric_1_1odeint_1_1vector__space__norm__inf_3_01std_1_1dequ
e_3_01Operator_01_4_01_4.tex) (./classVectorStream.tex [141]) [142]
Chapter 8.
(./AngMom_8hh_source.tex [143

]) (./AngMomCache_8hh_source.tex)
(./Commutator_8hh_source.tex [144] [145] [146] [147])
(./Commutator232_8hh_source.tex [148] [149] [150] [151] [152])
(./DarkMatterNREFT_8hh_source.tex [153]) (./GaussLaguerre_8hh_source.tex
[154] [155] [156] [157] [158] [159] [160] [161] [162] [163] [164] [165]
[166] [167] [168] [169] [170] [171] [172] [173] [174])
(./Generator_8hh_source.tex [175] [176]) (./HartreeFock_8hh_source.tex [177]
[178]) (./HFMBPT_8hh_source.tex) (./IMSRG_8hh_source.tex [179])
(./imsrg__util_8hh_source.tex [180] [181] [182])
(./IMSRGProfiler_8hh_source.tex [183]) (./IMSRGSolver_8hh_source.tex [184]
[185]) (./Jacobi3BME_8hh_source.tex [186] [187]) (./M0nu_8hh_source.tex
[188]) (./ModelSpace_8hh_source.tex [189] [190] [191] [192] [193] [194]
[195]) (./Operator_8hh_source.tex [196] [197] [198])
(./Parameters_8hh_source.tex [199] [200] [201] [202]
Overfull \hbox (330.16818pt too wide) in paragraph at lines 248--248
\T1/pcr/m/n/7 "output/BCH_%s_%s_%s_hw%.0f_e%d_A%d.dat",string_par["method"].c_s
tr(),string_par["reference"].c_str(),string_par["valence_space"].c_str(),double
_par["hw"],int_par["emax"],int_par["A"]);[]  
 []


Overfull \hbox (296.5682pt too wide) in paragraph at lines 258--258
\T1/pcr/m/n/7 "output/%s_%s_%s_hw%.0f_e%d_A%d",string_par["method"].c_str(),str
ing_par["reference"].c_str(),string_par["valence_space"].c_str(),double_par["hw
"],int_par["emax"],int_par["A"]);[]  
 []

) (./PhysicalConstants_8hh_source.tex [203]) (./ReadWrite_8hh_source.tex
[204] [205] [206]) (./ReferenceImplementations_8hh_source.tex)
(./RPA_8hh_source.tex [207]) (./ThreeBodyME_8hh_source.tex [208] [209] [210])
(./ThreeBodyStorage_8hh_source.tex [211] [212] [213])
(./ThreeBodyStorage__iso_8hh_source.tex [214])
(./ThreeBodyStorage__mono_8hh_source.tex [215] [216])
(./ThreeBodyStorage__no2b_8hh_source.tex [217] [218])
(./ThreeBodyStorage__pn_8hh_source.tex [219]) (./ThreeLegME_8hh_source.tex)
(./TwoBodyME_8hh_source.tex [220] [221]) (./UnitTest_8hh_source.tex [222]
[223]) (./version_8hh_source.tex) [224] (./refman.ind
LaTeX Font Info:    Font shape `T1/phv/m/n' will be
(Font)              scaled to size 22.39185pt on input line 1.

Overfull \hbox (15.60118pt too wide) in paragraph at lines 29--31
[]\T1/phv/m/n/10 boost::numeric::odeint::vector_space_norm_inf$\OML/cmm/m/it/10
 <$ \T1/phv/m/n/10 std::deque$\OML/cmm/m/it/10 <$
 []

[225



]
Underfull \hbox (badness 10000) in paragraph at lines 157--159
[]| \T1/phv/m/n/10 DoPandy-a-Trans-for-ma-tion_SingleChannel_Dagger,
 []

[226] [227]
Underfull \hbox (badness 772) in paragraph at lines 330--332
[]\T1/phv/m/n/10 IMSRG++: an im-ple-men-ta-tion of In-Medium Sim-i-lar-ity
 []


Underfull \hbox (badness 1303) in paragraph at lines 330--332
\T1/phv/m/n/10 Renor-mal-iza-tion Group for nu-clei, writ-ten in
 []

[228] [229] [230] [231

]) (./refman.aux)

LaTeX Warning: There were multiply-defined labels.

Package rerunfilecheck Info: File `refman.out' has not changed.
(rerunfilecheck)             Checksum: A434AD3FA56139CB1D9BF1ED27F5542A;75700.
 ) 
Here is how much of TeX's memory you used:
 23958 strings out of 476025
 526499 string characters out of 5779036
 1904388 words of memory out of 5000000
 41312 multiletter control sequences out of 15000+600000
 578588 words of font info for 135 fonts, out of 8000000 for 9000
 1141 hyphenation exceptions out of 8191
 101i,17n,117p,6286b,685s stack positions out of 10000i,1000n,20000p,200000b,200000s
</opt/homebrew/Cellar/texlive/20230313_2/share/texmf-dist/fonts/type1/public/
amsfonts/cm/cmbx10.pfb></opt/homebrew/Cellar/texlive/20230313_2/share/texmf-dis
t/fonts/type1/public/amsfonts/cm/cmbx7.pfb></opt/homebrew/Cellar/texlive/202303
13_2/share/texmf-dist/fonts/type1/public/amsfonts/cm/cmex10.pfb></opt/homebrew/
Cellar/texlive/20230313_2/share/texmf-dist/fonts/type1/public/amsfonts/cmextra/
cmex9.pfb></opt/homebrew/Cellar/texlive/20230313_2/share/texmf-dist/fonts/type1
/public/amsfonts/cm/cmmi10.pfb></opt/homebrew/Cellar/texlive/20230313_2/share/t
exmf-dist/fonts/type1/public/amsfonts/cm/cmmi12.pfb></opt/homebrew/Cellar/texli
ve/20230313_2/share/texmf-dist/fonts/type1/public/amsfonts/cm/cmmi5.pfb></opt/h
omebrew/Cellar/texlive/20230313_2/share/texmf-dist/fonts/type1/public/amsfonts/
cm/cmmi6.pfb></opt/homebrew/Cellar/texlive/20230313_2/share/texmf-dist/fonts/ty
pe1/public/amsfonts/cm/cmmi7.pfb></opt/homebrew/Cellar/texlive/20230313_2/share
/texmf-dist/fonts/type1/public/amsfonts/cm/cmmi8.pfb></opt/homebrew/Cellar/texl
ive/20230313_2/share/texmf-dist/fonts/type1/public/amsfonts/cm/cmmi9.pfb></opt/
homebrew/Cellar/texlive/20230313_2/share/texmf-dist/fonts/type1/public/amsfonts
/cm/cmmib10.pfb></opt/homebrew/Cellar/texlive/20230313_2/share/texmf-dist/fonts
/type1/public/amsfonts/cm/cmr10.pfb></opt/homebrew/Cellar/texlive/20230313_2/sh
are/texmf-dist/fonts/type1/public/amsfonts/cm/cmr5.pfb></opt/homebrew/Cellar/te
xlive/20230313_2/share/texmf-dist/fonts/type1/public/amsfonts/cm/cmr6.pfb></opt
/homebrew/Cellar/texlive/20230313_2/share/texmf-dist/fonts/type1/public/amsfont
s/cm/cmr7.pfb></opt/homebrew/Cellar/texlive/20230313_2/share/texmf-dist/fonts/t
ype1/public/amsfonts/cm/cmr9.pfb></opt/homebrew/Cellar/texlive/20230313_2/share
/texmf-dist/fonts/type1/public/amsfonts/cm/cmsy10.pfb></opt/homebrew/Cellar/tex
live/20230313_2/share/texmf-dist/fonts/type1/public/amsfonts/cm/cmsy6.pfb></opt
/homebrew/Cellar/texlive/20230313_2/share/texmf-dist/fonts/type1/public/amsfont
s/cm/cmsy7.pfb></opt/homebrew/Cellar/texlive/20230313_2/share/texmf-dist/fonts/
type1/public/amsfonts/cm/cmsy8.pfb></opt/homebrew/Cellar/texlive/20230313_2/sha
re/texmf-dist/fonts/type1/public/amsfonts/cm/cmsy9.pfb></opt/homebrew/Cellar/te
xlive/20230313_2/share/texmf-dist/fonts/type1/public/amsfonts/symbols/msbm10.pf
b></opt/homebrew/Cellar/texlive/20230313_2/share/texmf-dist/fonts/type1/public/
cm-super/sfrm1000.pfb></opt/homebrew/Cellar/texlive/20230313_2/share/texmf-dist
/fonts/type1/urw/courier/ucrb8a.pfb></opt/homebrew/Cellar/texlive/20230313_2/sh
are/texmf-dist/fonts/type1/urw/courier/ucrr8a.pfb></opt/homebrew/Cellar/texlive
/20230313_2/share/texmf-dist/fonts/type1/urw/courier/ucrro8a.pfb></opt/homebrew
/Cellar/texlive/20230313_2/share/texmf-dist/fonts/type1/urw/helvetic/uhvb8a.pfb
></opt/homebrew/Cellar/texlive/20230313_2/share/texmf-dist/fonts/type1/urw/helv
etic/uhvr8a.pfb></opt/homebrew/Cellar/texlive/20230313_2/share/texmf-dist/fonts
/type1/urw/helvetic/uhvro8a.pfb>
Output written on refman.pdf (243 pages, 1051195 bytes).
PDF statistics:
 9593 PDF objects out of 10688 (max. 8388607)
 9176 compressed objects within 92 object streams
 2532 named destinations out of 2984 (max. 500000)
 2947 words of extra memory for PDF output out of 10000 (max. 10000000)

